0 info it worked if it ends with ok
1 verbose cli [ 'node', '/usr/bin/npm', 'start', '--production' ]
2 info using npm@2.5.0
3 info using node@v0.10.42
4 verbose node symlink /usr/bin/node
5 verbose run-script [ 'prestart', 'start', 'poststart' ]
6 info prestart ghost@0.7.6
7 info start ghost@0.7.6
8 verbose unsafe-perm in lifecycle true
9 info ghost@0.7.6 Failed to exec start script
10 verbose stack Error: ghost@0.7.6 start: `node index`
10 verbose stack Exit status 8
10 verbose stack     at EventEmitter.<anonymous> (/usr/lib/node_modules/npm/lib/utils/lifecycle.js:213:16)
10 verbose stack     at EventEmitter.emit (events.js:98:17)
10 verbose stack     at ChildProcess.<anonymous> (/usr/lib/node_modules/npm/lib/utils/spawn.js:14:12)
10 verbose stack     at ChildProcess.emit (events.js:98:17)
10 verbose stack     at maybeClose (child_process.js:766:16)
10 verbose stack     at Process.ChildProcess._handle.onexit (child_process.js:833:5)
11 verbose pkgid ghost@0.7.6
12 verbose cwd /var/www/ghost
13 error Linux 3.13.0-71-generic
14 error argv "node" "/usr/bin/npm" "start" "--production"
15 error node v0.10.42
16 error npm  v2.5.0
17 error code ELIFECYCLE
18 error ghost@0.7.6 start: `node index`
18 error Exit status 8
19 error Failed at the ghost@0.7.6 start script 'node index'.
19 error This is most likely a problem with the ghost package,
19 error not with npm itself.
19 error Tell the author that this fails on your system:
19 error     node index
19 error You can get their info via:
19 error     npm owner ls ghost
19 error There is likely additional logging output above.
20 verbose exit [ 1, true ]
